# JRE version: Java(TM) SE Runtime Environment (21.0.8+12) (build 21.0.8+12-LTS-250)
# Java VM: Java HotSpot(TM) 64-Bit Server VM (21.0.8+12-LTS-250, mixed mode, sharing, tiered, compressed oops, compressed class ptrs, g1 gc, windows-amd64)
GC Precious Log:
 CardTable entry size: 512
 Card Set container configuration: InlinePtr #cards 4 size 8 Array Of Cards #cards 16 size 48 Howl #buckets 8 coarsen threshold 3686 Howl Bitmap #cards 512 size 80 coarsen threshold 460 Card regions per heap region 1 cards per card region 4096
 CPUs: 20 total, 20 available
 Memory: 16068M
 Large Page Support: Disabled
 NUMA Support: Disabled
 Compressed Oops: Enabled (Zero based)
 Heap Region Size: 2M
 Heap Min Capacity: 8M
 Heap Initial Capacity: 252M
 Heap Max Capacity: 4018M
 Pre-touch: Disabled
 Parallel Workers: 15
 Concurrent Workers: 4
 Concurrent Refinement Workers: 15
 Periodic GC: Disabled
Heap:
 garbage-first heap   total 126976K, used 101995K [0x0000000704e00000, 0x0000000800000000)
  region size 2048K, 15 young (30720K), 3 survivors (6144K)
 Metaspace       used 83687K, committed 84480K, reserved 1179648K
  class space    used 10947K, committed 11328K, reserved 1048576K
GC Heap History (20 events):
Event: 2.933 GC heap before
{Heap before GC invocations=6 (full 0):
 garbage-first heap   total 88064K, used 25027K [0x0000000704e00000, 0x0000000800000000)
  region size 2048K, 3 young (6144K), 2 survivors (4096K)
 Metaspace       used 35797K, committed 36288K, reserved 1114112K
  class space    used 4555K, committed 4800K, reserved 1048576K
}
Event: 2.935 GC heap after
{Heap after GC invocations=7 (full 0):
 garbage-first heap   total 88064K, used 24087K [0x0000000704e00000, 0x0000000800000000)
  region size 2048K, 1 young (2048K), 1 survivors (2048K)
 Metaspace       used 35797K, committed 36288K, reserved 1114112K
  class space    used 4555K, committed 4800K, reserved 1048576K
}
Event: 8.209 GC heap before
{Heap before GC invocations=8 (full 0):
 garbage-first heap   total 88064K, used 71191K [0x0000000704e00000, 0x0000000800000000)
  region size 2048K, 24 young (49152K), 1 survivors (2048K)
 Metaspace       used 51853K, committed 52416K, reserved 1114112K
  class space    used 6667K, committed 6912K, reserved 1048576K
}
Event: 8.212 GC heap after
{Heap after GC invocations=9 (full 0):
 garbage-first heap   total 88064K, used 28146K [0x0000000704e00000, 0x0000000800000000)
  region size 2048K, 3 young (6144K), 3 survivors (6144K)
 Metaspace       used 51853K, committed 52416K, reserved 1114112K
  class space    used 6667K, committed 6912K, reserved 1048576K
}
Event: 8.685 GC heap before
{Heap before GC invocations=9 (full 0):
 garbage-first heap   total 88064K, used 58866K [0x0000000704e00000, 0x0000000800000000)
  region size 2048K, 19 young (38912K), 3 survivors (6144K)
 Metaspace       used 60377K, committed 60928K, reserved 1114112K
  class space    used 7941K, committed 8192K, reserved 1048576K
}
Event: 8.689 GC heap after
{Heap after GC invocations=10 (full 0):
 garbage-first heap   total 88064K, used 29457K [0x0000000704e00000, 0x0000000800000000)
  region size 2048K, 3 young (6144K), 3 survivors (6144K)
 Metaspace       used 60377K, committed 60928K, reserved 1114112K
  class space    used 7941K, committed 8192K, reserved 1048576K
}
Event: 8.707 GC heap before
{Heap before GC invocations=10 (full 0):
 garbage-first heap   total 88064K, used 29457K [0x0000000704e00000, 0x0000000800000000)
  region size 2048K, 4 young (8192K), 3 survivors (6144K)
 Metaspace       used 60689K, committed 61248K, reserved 1114112K
  class space    used 7993K, committed 8256K, reserved 1048576K
}
Event: 8.710 GC heap after
{Heap after GC invocations=11 (full 0):
 garbage-first heap   total 88064K, used 29471K [0x0000000704e00000, 0x0000000800000000)
  region size 2048K, 1 young (2048K), 1 survivors (2048K)
 Metaspace       used 60689K, committed 61248K, reserved 1114112K
  class space    used 7993K, committed 8256K, reserved 1048576K
}
Event: 14.448 GC heap before
{Heap before GC invocations=12 (full 0):
 garbage-first heap   total 88064K, used 72479K [0x0000000704e00000, 0x0000000800000000)
  region size 2048K, 23 young (47104K), 1 survivors (2048K)
 Metaspace       used 69104K, committed 69696K, reserved 1114112K
  class space    used 9172K, committed 9408K, reserved 1048576K
}
Event: 14.451 GC heap after
{Heap after GC invocations=13 (full 0):
 garbage-first heap   total 126976K, used 33333K [0x0000000704e00000, 0x0000000800000000)
  region size 2048K, 3 young (6144K), 3 survivors (6144K)
 Metaspace       used 69104K, committed 69696K, reserved 1114112K
  class space    used 9172K, committed 9408K, reserved 1048576K
}
Event: 16.573 GC heap before
{Heap before GC invocations=13 (full 0):
 garbage-first heap   total 126976K, used 100917K [0x0000000704e00000, 0x0000000800000000)
  region size 2048K, 37 young (75776K), 3 survivors (6144K)
 Metaspace       used 73960K, committed 74688K, reserved 1114112K
  class space    used 9797K, committed 10112K, reserved 1048576K
}
Event: 16.580 GC heap after
{Heap after GC invocations=14 (full 0):
 garbage-first heap   total 126976K, used 45834K [0x0000000704e00000, 0x0000000800000000)
  region size 2048K, 5 young (10240K), 5 survivors (10240K)
 Metaspace       used 73960K, committed 74688K, reserved 1114112K
  class space    used 9797K, committed 10112K, reserved 1048576K
}
Event: 16.704 GC heap before
{Heap before GC invocations=14 (full 0):
 garbage-first heap   total 126976K, used 101130K [0x0000000704e00000, 0x0000000800000000)
  region size 2048K, 33 young (67584K), 5 survivors (10240K)
 Metaspace       used 74219K, committed 75008K, reserved 1114112K
  class space    used 9814K, committed 10176K, reserved 1048576K
}
Event: 16.711 GC heap after
{Heap after GC invocations=15 (full 0):
 garbage-first heap   total 126976K, used 58268K [0x0000000704e00000, 0x0000000800000000)
  region size 2048K, 5 young (10240K), 5 survivors (10240K)
 Metaspace       used 74219K, committed 75008K, reserved 1114112K
  class space    used 9814K, committed 10176K, reserved 1048576K
}
Event: 16.745 GC heap before
{Heap before GC invocations=15 (full 0):
 garbage-first heap   total 126976K, used 101276K [0x0000000704e00000, 0x0000000800000000)
  region size 2048K, 27 young (55296K), 5 survivors (10240K)
 Metaspace       used 74262K, committed 75008K, reserved 1114112K
  class space    used 9814K, committed 10176K, reserved 1048576K
}
Event: 16.750 GC heap after
{Heap after GC invocations=16 (full 0):
 garbage-first heap   total 126976K, used 68593K [0x0000000704e00000, 0x0000000800000000)
  region size 2048K, 4 young (8192K), 4 survivors (8192K)
 Metaspace       used 74262K, committed 75008K, reserved 1114112K
  class space    used 9814K, committed 10176K, reserved 1048576K
}
Event: 17.180 GC heap before
{Heap before GC invocations=17 (full 0):
 garbage-first heap   total 126976K, used 101361K [0x0000000704e00000, 0x0000000800000000)
  region size 2048K, 21 young (43008K), 4 survivors (8192K)
 Metaspace       used 75515K, committed 76288K, reserved 1179648K
  class space    used 10021K, committed 10368K, reserved 1048576K
}
Event: 17.184 GC heap after
{Heap after GC invocations=18 (full 0):
 garbage-first heap   total 126976K, used 77088K [0x0000000704e00000, 0x0000000800000000)
  region size 2048K, 3 young (6144K), 3 survivors (6144K)
 Metaspace       used 75515K, committed 76288K, reserved 1179648K
  class space    used 10021K, committed 10368K, reserved 1048576K
}
Event: 29.829 GC heap before
{Heap before GC invocations=18 (full 0):
 garbage-first heap   total 126976K, used 105760K [0x0000000704e00000, 0x0000000800000000)
  region size 2048K, 18 young (36864K), 3 survivors (6144K)
 Metaspace       used 81854K, committed 82624K, reserved 1179648K
  class space    used 10829K, committed 11136K, reserved 1048576K
}
Event: 29.833 GC heap after
{Heap after GC invocations=19 (full 0):
 garbage-first heap   total 126976K, used 81515K [0x0000000704e00000, 0x0000000800000000)
  region size 2048K, 3 young (6144K), 3 survivors (6144K)
 Metaspace       used 81854K, committed 82624K, reserved 1179648K
  class space    used 10829K, committed 11136K, reserved 1048576K
}

